<?xml version="1.0" encoding="UTF-8"?>
<testsuite xmlns:xsi="http://www.w3.org/2001/XMLSchema-instance" xsi:noNamespaceSchemaLocation="https://maven.apache.org/surefire/maven-surefire-plugin/xsd/surefire-test-report.xsd" name="tests.TestDataTable" time="0.001" tests="5" errors="0" skipped="0" failures="0">
  <properties>
    <property name="java.specification.version" value="14"/>
    <property name="sun.jnu.encoding" value="UTF-8"/>
    <property name="java.class.path" value="/Users/hyrule/workspace/ISCTE/esii/ESII-WP-G1/covid-graph-spread/target/test-classes:/Users/hyrule/workspace/ISCTE/esii/ESII-WP-G1/covid-graph-spread/target/classes:/Users/hyrule/.m2/repository/org/eclipse/jgit/org.eclipse.jgit/5.7.0.202003110725-r/org.eclipse.jgit-5.7.0.202003110725-r.jar:/Users/hyrule/.m2/repository/com/jcraft/jsch/0.1.55/jsch-0.1.55.jar:/Users/hyrule/.m2/repository/com/jcraft/jzlib/1.1.1/jzlib-1.1.1.jar:/Users/hyrule/.m2/repository/com/googlecode/javaewah/JavaEWAH/1.1.7/JavaEWAH-1.1.7.jar:/Users/hyrule/.m2/repository/org/slf4j/slf4j-api/1.7.2/slf4j-api-1.7.2.jar:/Users/hyrule/.m2/repository/org/bouncycastle/bcpg-jdk15on/1.64/bcpg-jdk15on-1.64.jar:/Users/hyrule/.m2/repository/org/bouncycastle/bcprov-jdk15on/1.64/bcprov-jdk15on-1.64.jar:/Users/hyrule/.m2/repository/org/bouncycastle/bcpkix-jdk15on/1.64/bcpkix-jdk15on-1.64.jar:/Users/hyrule/.m2/repository/org/slf4j/slf4j-jdk14/1.7.25/slf4j-jdk14-1.7.25.jar:/Users/hyrule/.m2/repository/io/vertx/vertx-core/3.5.4/vertx-core-3.5.4.jar:/Users/hyrule/.m2/repository/io/netty/netty-common/4.1.19.Final/netty-common-4.1.19.Final.jar:/Users/hyrule/.m2/repository/io/netty/netty-buffer/4.1.19.Final/netty-buffer-4.1.19.Final.jar:/Users/hyrule/.m2/repository/io/netty/netty-transport/4.1.19.Final/netty-transport-4.1.19.Final.jar:/Users/hyrule/.m2/repository/io/netty/netty-handler/4.1.19.Final/netty-handler-4.1.19.Final.jar:/Users/hyrule/.m2/repository/io/netty/netty-codec/4.1.19.Final/netty-codec-4.1.19.Final.jar:/Users/hyrule/.m2/repository/io/netty/netty-handler-proxy/4.1.19.Final/netty-handler-proxy-4.1.19.Final.jar:/Users/hyrule/.m2/repository/io/netty/netty-codec-socks/4.1.19.Final/netty-codec-socks-4.1.19.Final.jar:/Users/hyrule/.m2/repository/io/netty/netty-codec-http/4.1.19.Final/netty-codec-http-4.1.19.Final.jar:/Users/hyrule/.m2/repository/io/netty/netty-codec-http2/4.1.19.Final/netty-codec-http2-4.1.19.Final.jar:/Users/hyrule/.m2/repository/io/netty/netty-resolver/4.1.19.Final/netty-resolver-4.1.19.Final.jar:/Users/hyrule/.m2/repository/io/netty/netty-resolver-dns/4.1.19.Final/netty-resolver-dns-4.1.19.Final.jar:/Users/hyrule/.m2/repository/io/netty/netty-codec-dns/4.1.19.Final/netty-codec-dns-4.1.19.Final.jar:/Users/hyrule/.m2/repository/com/fasterxml/jackson/core/jackson-core/2.9.6/jackson-core-2.9.6.jar:/Users/hyrule/.m2/repository/com/fasterxml/jackson/core/jackson-databind/2.9.6/jackson-databind-2.9.6.jar:/Users/hyrule/.m2/repository/com/fasterxml/jackson/core/jackson-annotations/2.9.0/jackson-annotations-2.9.0.jar:/Users/hyrule/.m2/repository/io/vertx/vertx-web/3.5.4/vertx-web-3.5.4.jar:/Users/hyrule/.m2/repository/io/vertx/vertx-auth-common/3.5.4/vertx-auth-common-3.5.4.jar:/Users/hyrule/.m2/repository/io/vertx/vertx-bridge-common/3.5.4/vertx-bridge-common-3.5.4.jar:/Users/hyrule/.m2/repository/commons-io/commons-io/2.6/commons-io-2.6.jar:/Users/hyrule/.m2/repository/org/apache/maven/plugins/maven-javadoc-plugin/3.2.0/maven-javadoc-plugin-3.2.0.jar:/Users/hyrule/.m2/repository/org/apache/maven/maven-core/3.0/maven-core-3.0.jar:/Users/hyrule/.m2/repository/org/apache/maven/maven-settings-builder/3.0/maven-settings-builder-3.0.jar:/Users/hyrule/.m2/repository/org/apache/maven/maven-repository-metadata/3.0/maven-repository-metadata-3.0.jar:/Users/hyrule/.m2/repository/org/apache/maven/maven-model-builder/3.0/maven-model-builder-3.0.jar:/Users/hyrule/.m2/repository/org/apache/maven/maven-aether-provider/3.0/maven-aether-provider-3.0.jar:/Users/hyrule/.m2/repository/org/sonatype/aether/aether-impl/1.7/aether-impl-1.7.jar:/Users/hyrule/.m2/repository/org/sonatype/aether/aether-spi/1.7/aether-spi-1.7.jar:/Users/hyrule/.m2/repository/org/sonatype/aether/aether-api/1.7/aether-api-1.7.jar:/Users/hyrule/.m2/repository/org/sonatype/aether/aether-util/1.7/aether-util-1.7.jar:/Users/hyrule/.m2/repository/org/sonatype/sisu/sisu-inject-plexus/1.4.2/sisu-inject-plexus-1.4.2.jar:/Users/hyrule/.m2/repository/org/sonatype/sisu/sisu-inject-bean/1.4.2/sisu-inject-bean-1.4.2.jar:/Users/hyrule/.m2/repository/org/sonatype/sisu/sisu-guice/2.1.7/sisu-guice-2.1.7-noaop.jar:/Users/hyrule/.m2/repository/org/codehaus/plexus/plexus-interpolation/1.14/plexus-interpolation-1.14.jar:/Users/hyrule/.m2/repository/org/codehaus/plexus/plexus-classworlds/2.2.3/plexus-classworlds-2.2.3.jar:/Users/hyrule/.m2/repository/org/codehaus/plexus/plexus-component-annotations/1.5.5/plexus-component-annotations-1.5.5.jar:/Users/hyrule/.m2/repository/org/sonatype/plexus/plexus-sec-dispatcher/1.3/plexus-sec-dispatcher-1.3.jar:/Users/hyrule/.m2/repository/org/sonatype/plexus/plexus-cipher/1.4/plexus-cipher-1.4.jar:/Users/hyrule/.m2/repository/org/apache/maven/maven-model/3.0/maven-model-3.0.jar:/Users/hyrule/.m2/repository/org/apache/maven/maven-settings/3.0/maven-settings-3.0.jar:/Users/hyrule/.m2/repository/org/apache/maven/maven-plugin-api/3.0/maven-plugin-api-3.0.jar:/Users/hyrule/.m2/repository/org/apache/maven/maven-artifact/3.0/maven-artifact-3.0.jar:/Users/hyrule/.m2/repository/org/apache/maven/reporting/maven-reporting-api/3.0/maven-reporting-api-3.0.jar:/Users/hyrule/.m2/repository/org/apache/maven/maven-archiver/3.5.0/maven-archiver-3.5.0.jar:/Users/hyrule/.m2/repository/org/apache/maven/shared/maven-shared-utils/3.2.1/maven-shared-utils-3.2.1.jar:/Users/hyrule/.m2/repository/org/apache/maven/shared/maven-invoker/3.0.0/maven-invoker-3.0.0.jar:/Users/hyrule/.m2/repository/org/apache/maven/shared/maven-common-artifact-filters/3.0.0/maven-common-artifact-filters-3.0.0.jar:/Users/hyrule/.m2/repository/org/apache/maven/shared/maven-artifact-transfer/0.10.1/maven-artifact-transfer-0.10.1.jar:/Users/hyrule/.m2/repository/commons-codec/commons-codec/1.11/commons-codec-1.11.jar:/Users/hyrule/.m2/repository/org/apache/maven/doxia/doxia-sink-api/1.7/doxia-sink-api-1.7.jar:/Users/hyrule/.m2/repository/org/apache/maven/doxia/doxia-logging-api/1.7/doxia-logging-api-1.7.jar:/Users/hyrule/.m2/repository/org/apache/maven/doxia/doxia-site-renderer/1.9.2/doxia-site-renderer-1.9.2.jar:/Users/hyrule/.m2/repository/org/apache/maven/doxia/doxia-core/1.9.1/doxia-core-1.9.1.jar:/Users/hyrule/.m2/repository/org/apache/maven/doxia/doxia-decoration-model/1.9.2/doxia-decoration-model-1.9.2.jar:/Users/hyrule/.m2/repository/org/apache/maven/doxia/doxia-skin-model/1.9.2/doxia-skin-model-1.9.2.jar:/Users/hyrule/.m2/repository/org/apache/maven/doxia/doxia-module-xhtml/1.9.1/doxia-module-xhtml-1.9.1.jar:/Users/hyrule/.m2/repository/org/apache/maven/doxia/doxia-module-xhtml5/1.9.1/doxia-module-xhtml5-1.9.1.jar:/Users/hyrule/.m2/repository/org/codehaus/plexus/plexus-i18n/1.0-beta-10/plexus-i18n-1.0-beta-10.jar:/Users/hyrule/.m2/repository/org/codehaus/plexus/plexus-container-default/1.0-alpha-30/plexus-container-default-1.0-alpha-30.jar:/Users/hyrule/.m2/repository/org/codehaus/plexus/plexus-velocity/1.2/plexus-velocity-1.2.jar:/Users/hyrule/.m2/repository/org/apache/velocity/velocity/1.7/velocity-1.7.jar:/Users/hyrule/.m2/repository/commons-lang/commons-lang/2.4/commons-lang-2.4.jar:/Users/hyrule/.m2/repository/org/apache/velocity/velocity-tools/2.0/velocity-tools-2.0.jar:/Users/hyrule/.m2/repository/commons-beanutils/commons-beanutils/1.7.0/commons-beanutils-1.7.0.jar:/Users/hyrule/.m2/repository/commons-digester/commons-digester/1.8/commons-digester-1.8.jar:/Users/hyrule/.m2/repository/commons-chain/commons-chain/1.1/commons-chain-1.1.jar:/Users/hyrule/.m2/repository/dom4j/dom4j/1.1/dom4j-1.1.jar:/Users/hyrule/.m2/repository/oro/oro/2.0.8/oro-2.0.8.jar:/Users/hyrule/.m2/repository/commons-collections/commons-collections/3.2.2/commons-collections-3.2.2.jar:/Users/hyrule/.m2/repository/org/apache/maven/wagon/wagon-provider-api/2.4/wagon-provider-api-2.4.jar:/Users/hyrule/.m2/repository/org/apache/commons/commons-lang3/3.5/commons-lang3-3.5.jar:/Users/hyrule/.m2/repository/org/apache/httpcomponents/httpclient/4.5.8/httpclient-4.5.8.jar:/Users/hyrule/.m2/repository/org/apache/httpcomponents/httpcore/4.4.11/httpcore-4.4.11.jar:/Users/hyrule/.m2/repository/commons-logging/commons-logging/1.2/commons-logging-1.2.jar:/Users/hyrule/.m2/repository/com/thoughtworks/qdox/qdox/2.0-M10/qdox-2.0-M10.jar:/Users/hyrule/.m2/repository/org/codehaus/plexus/plexus-java/1.0.5/plexus-java-1.0.5.jar:/Users/hyrule/.m2/repository/org/ow2/asm/asm/7.2/asm-7.2.jar:/Users/hyrule/.m2/repository/org/codehaus/plexus/plexus-archiver/4.2.1/plexus-archiver-4.2.1.jar:/Users/hyrule/.m2/repository/org/apache/commons/commons-compress/1.19/commons-compress-1.19.jar:/Users/hyrule/.m2/repository/org/iq80/snappy/snappy/0.4/snappy-0.4.jar:/Users/hyrule/.m2/repository/org/tukaani/xz/1.8/xz-1.8.jar:/Users/hyrule/.m2/repository/org/codehaus/plexus/plexus-io/3.2.0/plexus-io-3.2.0.jar:/Users/hyrule/.m2/repository/org/codehaus/plexus/plexus-utils/3.3.0/plexus-utils-3.3.0.jar:/Users/hyrule/.m2/repository/org/codehaus/plexus/plexus-interactivity-api/1.0-alpha-6/plexus-interactivity-api-1.0-alpha-6.jar:/Users/hyrule/.m2/repository/org/junit/jupiter/junit-jupiter/5.5.2/junit-jupiter-5.5.2.jar:/Users/hyrule/.m2/repository/org/junit/jupiter/junit-jupiter-api/5.5.2/junit-jupiter-api-5.5.2.jar:/Users/hyrule/.m2/repository/org/opentest4j/opentest4j/1.2.0/opentest4j-1.2.0.jar:/Users/hyrule/.m2/repository/org/junit/platform/junit-platform-commons/1.5.2/junit-platform-commons-1.5.2.jar:/Users/hyrule/.m2/repository/org/junit/jupiter/junit-jupiter-params/5.5.2/junit-jupiter-params-5.5.2.jar:/Users/hyrule/.m2/repository/org/junit/jupiter/junit-jupiter-engine/5.5.2/junit-jupiter-engine-5.5.2.jar:/Users/hyrule/.m2/repository/org/junit/platform/junit-platform-engine/1.5.2/junit-platform-engine-1.5.2.jar:/Users/hyrule/.m2/repository/org/junit/platform/junit-platform-runner/1.5.2/junit-platform-runner-1.5.2.jar:/Users/hyrule/.m2/repository/junit/junit/4.12/junit-4.12.jar:/Users/hyrule/.m2/repository/org/hamcrest/hamcrest-core/1.3/hamcrest-core-1.3.jar:/Users/hyrule/.m2/repository/org/apiguardian/apiguardian-api/1.1.0/apiguardian-api-1.1.0.jar:/Users/hyrule/.m2/repository/org/junit/platform/junit-platform-launcher/1.5.2/junit-platform-launcher-1.5.2.jar:/Users/hyrule/.m2/repository/org/junit/platform/junit-platform-suite-api/1.5.2/junit-platform-suite-api-1.5.2.jar:"/>
    <property name="java.vm.vendor" value="Oracle Corporation"/>
    <property name="sun.arch.data.model" value="64"/>
    <property name="java.vendor.url" value="https://java.oracle.com/"/>
    <property name="os.name" value="Mac OS X"/>
    <property name="java.vm.specification.version" value="14"/>
    <property name="sun.java.launcher" value="SUN_STANDARD"/>
    <property name="user.country" value="US"/>
    <property name="sun.boot.library.path" value="/Library/Java/JavaVirtualMachines/jdk-14.0.1.jdk/Contents/Home/lib"/>
    <property name="sun.java.command" value="/Users/hyrule/workspace/ISCTE/esii/ESII-WP-G1/covid-graph-spread/target/surefire/surefirebooter231406447991729537.jar /Users/hyrule/workspace/ISCTE/esii/ESII-WP-G1/covid-graph-spread/target/surefire 2020-06-15T09-19-59_598-jvmRun1 surefire14628779142069727419tmp surefire_09309494559831018137tmp"/>
    <property name="http.nonProxyHosts" value="local|*.local|169.254/16|*.169.254/16"/>
    <property name="jdk.debug" value="release"/>
    <property name="surefire.test.class.path" value="/Users/hyrule/workspace/ISCTE/esii/ESII-WP-G1/covid-graph-spread/target/test-classes:/Users/hyrule/workspace/ISCTE/esii/ESII-WP-G1/covid-graph-spread/target/classes:/Users/hyrule/.m2/repository/org/eclipse/jgit/org.eclipse.jgit/5.7.0.202003110725-r/org.eclipse.jgit-5.7.0.202003110725-r.jar:/Users/hyrule/.m2/repository/com/jcraft/jsch/0.1.55/jsch-0.1.55.jar:/Users/hyrule/.m2/repository/com/jcraft/jzlib/1.1.1/jzlib-1.1.1.jar:/Users/hyrule/.m2/repository/com/googlecode/javaewah/JavaEWAH/1.1.7/JavaEWAH-1.1.7.jar:/Users/hyrule/.m2/repository/org/slf4j/slf4j-api/1.7.2/slf4j-api-1.7.2.jar:/Users/hyrule/.m2/repository/org/bouncycastle/bcpg-jdk15on/1.64/bcpg-jdk15on-1.64.jar:/Users/hyrule/.m2/repository/org/bouncycastle/bcprov-jdk15on/1.64/bcprov-jdk15on-1.64.jar:/Users/hyrule/.m2/repository/org/bouncycastle/bcpkix-jdk15on/1.64/bcpkix-jdk15on-1.64.jar:/Users/hyrule/.m2/repository/org/slf4j/slf4j-jdk14/1.7.25/slf4j-jdk14-1.7.25.jar:/Users/hyrule/.m2/repository/io/vertx/vertx-core/3.5.4/vertx-core-3.5.4.jar:/Users/hyrule/.m2/repository/io/netty/netty-common/4.1.19.Final/netty-common-4.1.19.Final.jar:/Users/hyrule/.m2/repository/io/netty/netty-buffer/4.1.19.Final/netty-buffer-4.1.19.Final.jar:/Users/hyrule/.m2/repository/io/netty/netty-transport/4.1.19.Final/netty-transport-4.1.19.Final.jar:/Users/hyrule/.m2/repository/io/netty/netty-handler/4.1.19.Final/netty-handler-4.1.19.Final.jar:/Users/hyrule/.m2/repository/io/netty/netty-codec/4.1.19.Final/netty-codec-4.1.19.Final.jar:/Users/hyrule/.m2/repository/io/netty/netty-handler-proxy/4.1.19.Final/netty-handler-proxy-4.1.19.Final.jar:/Users/hyrule/.m2/repository/io/netty/netty-codec-socks/4.1.19.Final/netty-codec-socks-4.1.19.Final.jar:/Users/hyrule/.m2/repository/io/netty/netty-codec-http/4.1.19.Final/netty-codec-http-4.1.19.Final.jar:/Users/hyrule/.m2/repository/io/netty/netty-codec-http2/4.1.19.Final/netty-codec-http2-4.1.19.Final.jar:/Users/hyrule/.m2/repository/io/netty/netty-resolver/4.1.19.Final/netty-resolver-4.1.19.Final.jar:/Users/hyrule/.m2/repository/io/netty/netty-resolver-dns/4.1.19.Final/netty-resolver-dns-4.1.19.Final.jar:/Users/hyrule/.m2/repository/io/netty/netty-codec-dns/4.1.19.Final/netty-codec-dns-4.1.19.Final.jar:/Users/hyrule/.m2/repository/com/fasterxml/jackson/core/jackson-core/2.9.6/jackson-core-2.9.6.jar:/Users/hyrule/.m2/repository/com/fasterxml/jackson/core/jackson-databind/2.9.6/jackson-databind-2.9.6.jar:/Users/hyrule/.m2/repository/com/fasterxml/jackson/core/jackson-annotations/2.9.0/jackson-annotations-2.9.0.jar:/Users/hyrule/.m2/repository/io/vertx/vertx-web/3.5.4/vertx-web-3.5.4.jar:/Users/hyrule/.m2/repository/io/vertx/vertx-auth-common/3.5.4/vertx-auth-common-3.5.4.jar:/Users/hyrule/.m2/repository/io/vertx/vertx-bridge-common/3.5.4/vertx-bridge-common-3.5.4.jar:/Users/hyrule/.m2/repository/commons-io/commons-io/2.6/commons-io-2.6.jar:/Users/hyrule/.m2/repository/org/apache/maven/plugins/maven-javadoc-plugin/3.2.0/maven-javadoc-plugin-3.2.0.jar:/Users/hyrule/.m2/repository/org/apache/maven/maven-core/3.0/maven-core-3.0.jar:/Users/hyrule/.m2/repository/org/apache/maven/maven-settings-builder/3.0/maven-settings-builder-3.0.jar:/Users/hyrule/.m2/repository/org/apache/maven/maven-repository-metadata/3.0/maven-repository-metadata-3.0.jar:/Users/hyrule/.m2/repository/org/apache/maven/maven-model-builder/3.0/maven-model-builder-3.0.jar:/Users/hyrule/.m2/repository/org/apache/maven/maven-aether-provider/3.0/maven-aether-provider-3.0.jar:/Users/hyrule/.m2/repository/org/sonatype/aether/aether-impl/1.7/aether-impl-1.7.jar:/Users/hyrule/.m2/repository/org/sonatype/aether/aether-spi/1.7/aether-spi-1.7.jar:/Users/hyrule/.m2/repository/org/sonatype/aether/aether-api/1.7/aether-api-1.7.jar:/Users/hyrule/.m2/repository/org/sonatype/aether/aether-util/1.7/aether-util-1.7.jar:/Users/hyrule/.m2/repository/org/sonatype/sisu/sisu-inject-plexus/1.4.2/sisu-inject-plexus-1.4.2.jar:/Users/hyrule/.m2/repository/org/sonatype/sisu/sisu-inject-bean/1.4.2/sisu-inject-bean-1.4.2.jar:/Users/hyrule/.m2/repository/org/sonatype/sisu/sisu-guice/2.1.7/sisu-guice-2.1.7-noaop.jar:/Users/hyrule/.m2/repository/org/codehaus/plexus/plexus-interpolation/1.14/plexus-interpolation-1.14.jar:/Users/hyrule/.m2/repository/org/codehaus/plexus/plexus-classworlds/2.2.3/plexus-classworlds-2.2.3.jar:/Users/hyrule/.m2/repository/org/codehaus/plexus/plexus-component-annotations/1.5.5/plexus-component-annotations-1.5.5.jar:/Users/hyrule/.m2/repository/org/sonatype/plexus/plexus-sec-dispatcher/1.3/plexus-sec-dispatcher-1.3.jar:/Users/hyrule/.m2/repository/org/sonatype/plexus/plexus-cipher/1.4/plexus-cipher-1.4.jar:/Users/hyrule/.m2/repository/org/apache/maven/maven-model/3.0/maven-model-3.0.jar:/Users/hyrule/.m2/repository/org/apache/maven/maven-settings/3.0/maven-settings-3.0.jar:/Users/hyrule/.m2/repository/org/apache/maven/maven-plugin-api/3.0/maven-plugin-api-3.0.jar:/Users/hyrule/.m2/repository/org/apache/maven/maven-artifact/3.0/maven-artifact-3.0.jar:/Users/hyrule/.m2/repository/org/apache/maven/reporting/maven-reporting-api/3.0/maven-reporting-api-3.0.jar:/Users/hyrule/.m2/repository/org/apache/maven/maven-archiver/3.5.0/maven-archiver-3.5.0.jar:/Users/hyrule/.m2/repository/org/apache/maven/shared/maven-shared-utils/3.2.1/maven-shared-utils-3.2.1.jar:/Users/hyrule/.m2/repository/org/apache/maven/shared/maven-invoker/3.0.0/maven-invoker-3.0.0.jar:/Users/hyrule/.m2/repository/org/apache/maven/shared/maven-common-artifact-filters/3.0.0/maven-common-artifact-filters-3.0.0.jar:/Users/hyrule/.m2/repository/org/apache/maven/shared/maven-artifact-transfer/0.10.1/maven-artifact-transfer-0.10.1.jar:/Users/hyrule/.m2/repository/commons-codec/commons-codec/1.11/commons-codec-1.11.jar:/Users/hyrule/.m2/repository/org/apache/maven/doxia/doxia-sink-api/1.7/doxia-sink-api-1.7.jar:/Users/hyrule/.m2/repository/org/apache/maven/doxia/doxia-logging-api/1.7/doxia-logging-api-1.7.jar:/Users/hyrule/.m2/repository/org/apache/maven/doxia/doxia-site-renderer/1.9.2/doxia-site-renderer-1.9.2.jar:/Users/hyrule/.m2/repository/org/apache/maven/doxia/doxia-core/1.9.1/doxia-core-1.9.1.jar:/Users/hyrule/.m2/repository/org/apache/maven/doxia/doxia-decoration-model/1.9.2/doxia-decoration-model-1.9.2.jar:/Users/hyrule/.m2/repository/org/apache/maven/doxia/doxia-skin-model/1.9.2/doxia-skin-model-1.9.2.jar:/Users/hyrule/.m2/repository/org/apache/maven/doxia/doxia-module-xhtml/1.9.1/doxia-module-xhtml-1.9.1.jar:/Users/hyrule/.m2/repository/org/apache/maven/doxia/doxia-module-xhtml5/1.9.1/doxia-module-xhtml5-1.9.1.jar:/Users/hyrule/.m2/repository/org/codehaus/plexus/plexus-i18n/1.0-beta-10/plexus-i18n-1.0-beta-10.jar:/Users/hyrule/.m2/repository/org/codehaus/plexus/plexus-container-default/1.0-alpha-30/plexus-container-default-1.0-alpha-30.jar:/Users/hyrule/.m2/repository/org/codehaus/plexus/plexus-velocity/1.2/plexus-velocity-1.2.jar:/Users/hyrule/.m2/repository/org/apache/velocity/velocity/1.7/velocity-1.7.jar:/Users/hyrule/.m2/repository/commons-lang/commons-lang/2.4/commons-lang-2.4.jar:/Users/hyrule/.m2/repository/org/apache/velocity/velocity-tools/2.0/velocity-tools-2.0.jar:/Users/hyrule/.m2/repository/commons-beanutils/commons-beanutils/1.7.0/commons-beanutils-1.7.0.jar:/Users/hyrule/.m2/repository/commons-digester/commons-digester/1.8/commons-digester-1.8.jar:/Users/hyrule/.m2/repository/commons-chain/commons-chain/1.1/commons-chain-1.1.jar:/Users/hyrule/.m2/repository/dom4j/dom4j/1.1/dom4j-1.1.jar:/Users/hyrule/.m2/repository/oro/oro/2.0.8/oro-2.0.8.jar:/Users/hyrule/.m2/repository/commons-collections/commons-collections/3.2.2/commons-collections-3.2.2.jar:/Users/hyrule/.m2/repository/org/apache/maven/wagon/wagon-provider-api/2.4/wagon-provider-api-2.4.jar:/Users/hyrule/.m2/repository/org/apache/commons/commons-lang3/3.5/commons-lang3-3.5.jar:/Users/hyrule/.m2/repository/org/apache/httpcomponents/httpclient/4.5.8/httpclient-4.5.8.jar:/Users/hyrule/.m2/repository/org/apache/httpcomponents/httpcore/4.4.11/httpcore-4.4.11.jar:/Users/hyrule/.m2/repository/commons-logging/commons-logging/1.2/commons-logging-1.2.jar:/Users/hyrule/.m2/repository/com/thoughtworks/qdox/qdox/2.0-M10/qdox-2.0-M10.jar:/Users/hyrule/.m2/repository/org/codehaus/plexus/plexus-java/1.0.5/plexus-java-1.0.5.jar:/Users/hyrule/.m2/repository/org/ow2/asm/asm/7.2/asm-7.2.jar:/Users/hyrule/.m2/repository/org/codehaus/plexus/plexus-archiver/4.2.1/plexus-archiver-4.2.1.jar:/Users/hyrule/.m2/repository/org/apache/commons/commons-compress/1.19/commons-compress-1.19.jar:/Users/hyrule/.m2/repository/org/iq80/snappy/snappy/0.4/snappy-0.4.jar:/Users/hyrule/.m2/repository/org/tukaani/xz/1.8/xz-1.8.jar:/Users/hyrule/.m2/repository/org/codehaus/plexus/plexus-io/3.2.0/plexus-io-3.2.0.jar:/Users/hyrule/.m2/repository/org/codehaus/plexus/plexus-utils/3.3.0/plexus-utils-3.3.0.jar:/Users/hyrule/.m2/repository/org/codehaus/plexus/plexus-interactivity-api/1.0-alpha-6/plexus-interactivity-api-1.0-alpha-6.jar:/Users/hyrule/.m2/repository/org/junit/jupiter/junit-jupiter/5.5.2/junit-jupiter-5.5.2.jar:/Users/hyrule/.m2/repository/org/junit/jupiter/junit-jupiter-api/5.5.2/junit-jupiter-api-5.5.2.jar:/Users/hyrule/.m2/repository/org/opentest4j/opentest4j/1.2.0/opentest4j-1.2.0.jar:/Users/hyrule/.m2/repository/org/junit/platform/junit-platform-commons/1.5.2/junit-platform-commons-1.5.2.jar:/Users/hyrule/.m2/repository/org/junit/jupiter/junit-jupiter-params/5.5.2/junit-jupiter-params-5.5.2.jar:/Users/hyrule/.m2/repository/org/junit/jupiter/junit-jupiter-engine/5.5.2/junit-jupiter-engine-5.5.2.jar:/Users/hyrule/.m2/repository/org/junit/platform/junit-platform-engine/1.5.2/junit-platform-engine-1.5.2.jar:/Users/hyrule/.m2/repository/org/junit/platform/junit-platform-runner/1.5.2/junit-platform-runner-1.5.2.jar:/Users/hyrule/.m2/repository/junit/junit/4.12/junit-4.12.jar:/Users/hyrule/.m2/repository/org/hamcrest/hamcrest-core/1.3/hamcrest-core-1.3.jar:/Users/hyrule/.m2/repository/org/apiguardian/apiguardian-api/1.1.0/apiguardian-api-1.1.0.jar:/Users/hyrule/.m2/repository/org/junit/platform/junit-platform-launcher/1.5.2/junit-platform-launcher-1.5.2.jar:/Users/hyrule/.m2/repository/org/junit/platform/junit-platform-suite-api/1.5.2/junit-platform-suite-api-1.5.2.jar:"/>
    <property name="sun.cpu.endian" value="little"/>
    <property name="user.home" value="/Users/hyrule"/>
    <property name="user.language" value="en"/>
    <property name="java.specification.vendor" value="Oracle Corporation"/>
    <property name="java.version.date" value="2020-04-14"/>
    <property name="java.home" value="/Library/Java/JavaVirtualMachines/jdk-14.0.1.jdk/Contents/Home"/>
    <property name="file.separator" value="/"/>
    <property name="basedir" value="/Users/hyrule/workspace/ISCTE/esii/ESII-WP-G1/covid-graph-spread"/>
    <property name="java.vm.compressedOopsMode" value="Zero based"/>
    <property name="line.separator" value="&#10;"/>
    <property name="java.specification.name" value="Java Platform API Specification"/>
    <property name="java.vm.specification.vendor" value="Oracle Corporation"/>
    <property name="surefire.real.class.path" value="/Users/hyrule/workspace/ISCTE/esii/ESII-WP-G1/covid-graph-spread/target/surefire/surefirebooter231406447991729537.jar"/>
    <property name="sun.management.compiler" value="HotSpot 64-Bit Tiered Compilers"/>
    <property name="ftp.nonProxyHosts" value="local|*.local|169.254/16|*.169.254/16"/>
    <property name="java.runtime.version" value="14.0.1+7"/>
    <property name="user.name" value="hyrule"/>
    <property name="path.separator" value=":"/>
    <property name="os.version" value="10.15.5"/>
    <property name="java.runtime.name" value="Java(TM) SE Runtime Environment"/>
    <property name="file.encoding" value="UTF-8"/>
    <property name="java.vm.name" value="Java HotSpot(TM) 64-Bit Server VM"/>
    <property name="localRepository" value="/Users/hyrule/.m2/repository"/>
    <property name="java.vendor.url.bug" value="https://bugreport.java.com/bugreport/"/>
    <property name="java.io.tmpdir" value="/var/folders/0m/zj_5zg1x4pd3yyd1lhcmfcvr0000gn/T/"/>
    <property name="java.version" value="14.0.1"/>
    <property name="user.dir" value="/Users/hyrule/workspace/ISCTE/esii/ESII-WP-G1/covid-graph-spread"/>
    <property name="os.arch" value="x86_64"/>
    <property name="java.vm.specification.name" value="Java Virtual Machine Specification"/>
    <property name="java.library.path" value="/Users/hyrule/Library/Java/Extensions:/Library/Java/Extensions:/Network/Library/Java/Extensions:/System/Library/Java/Extensions:/usr/lib/java:."/>
    <property name="java.vm.info" value="mixed mode, sharing"/>
    <property name="java.vendor" value="Oracle Corporation"/>
    <property name="java.vm.version" value="14.0.1+7"/>
    <property name="sun.io.unicode.encoding" value="UnicodeBig"/>
    <property name="socksNonProxyHosts" value="local|*.local|169.254/16|*.169.254/16"/>
    <property name="java.class.version" value="58.0"/>
  </properties>
  <testcase name="testGetFileTag" classname="tests.TestDataTable" time="0"/>
  <testcase name="testGetFileName" classname="tests.TestDataTable" time="0"/>
  <testcase name="testGetTagDescription" classname="tests.TestDataTable" time="0"/>
  <testcase name="testGetSpreadVisualizationLink" classname="tests.TestDataTable" time="0"/>
  <testcase name="testGetFileTimeStamp" classname="tests.TestDataTable" time="0"/>
</testsuite>